{"C:\\Users\\mathe\\dev\\projects\\PI6_StudioEvelyn\\backend\\src\\controller\\agendamentosController.js": {"path":"C:\\Users\\mathe\\dev\\projects\\PI6_StudioEvelyn\\backend\\src\\controller\\agendamentosController.js","statementMap":{"0":{"start":{"line":4,"column":17},"end":{"line":4,"column":25}},"1":{"start":{"line":7,"column":0},"end":{"line":21,"column":3}},"2":{"start":{"line":8,"column":4},"end":{"line":19,"column":5}},"3":{"start":{"line":10,"column":28},"end":{"line":10,"column":36}},"4":{"start":{"line":11,"column":8},"end":{"line":11,"column":33}},"5":{"start":{"line":12,"column":32},"end":{"line":12,"column":67}},"6":{"start":{"line":13,"column":8},"end":{"line":13,"column":46}},"7":{"start":{"line":17,"column":8},"end":{"line":17,"column":100}},"8":{"start":{"line":24,"column":0},"end":{"line":38,"column":3}},"9":{"start":{"line":25,"column":4},"end":{"line":37,"column":5}},"10":{"start":{"line":27,"column":20},"end":{"line":27,"column":34}},"11":{"start":{"line":28,"column":8},"end":{"line":28,"column":25}},"12":{"start":{"line":29,"column":29},"end":{"line":29,"column":64}},"13":{"start":{"line":30,"column":8},"end":{"line":30,"column":43}},"14":{"start":{"line":35,"column":8},"end":{"line":35,"column":103}}},"fnMap":{"0":{"name":"(anonymous_0)","decl":{"start":{"line":7,"column":31},"end":{"line":7,"column":32}},"loc":{"start":{"line":7,"column":51},"end":{"line":21,"column":1}},"line":7},"1":{"name":"(anonymous_1)","decl":{"start":{"line":24,"column":43},"end":{"line":24,"column":44}},"loc":{"start":{"line":24,"column":63},"end":{"line":38,"column":1}},"line":24}},"branchMap":{},"s":{"0":4,"1":4,"2":2,"3":2,"4":2,"5":2,"6":1,"7":1,"8":4,"9":2,"10":2,"11":2,"12":2,"13":1,"14":1},"f":{"0":2,"1":2},"b":{},"_coverageSchema":"1a1c01bbd47fc00a2c39e90264f33305004495a9","hash":"bdedac034438aa7e5419f12329f79be7e6779e6a"}
,"C:\\Users\\mathe\\dev\\projects\\PI6_StudioEvelyn\\backend\\src\\controller\\loginController.js": {"path":"C:\\Users\\mathe\\dev\\projects\\PI6_StudioEvelyn\\backend\\src\\controller\\loginController.js","statementMap":{"0":{"start":{"line":4,"column":17},"end":{"line":4,"column":25}},"1":{"start":{"line":7,"column":0},"end":{"line":17,"column":3}},"2":{"start":{"line":8,"column":4},"end":{"line":16,"column":5}},"3":{"start":{"line":10,"column":24},"end":{"line":10,"column":32}},"4":{"start":{"line":11,"column":28},"end":{"line":11,"column":55}},"5":{"start":{"line":12,"column":8},"end":{"line":12,"column":42}},"6":{"start":{"line":15,"column":8},"end":{"line":15,"column":87}},"7":{"start":{"line":20,"column":0},"end":{"line":30,"column":3}},"8":{"start":{"line":21,"column":4},"end":{"line":29,"column":5}},"9":{"start":{"line":23,"column":20},"end":{"line":23,"column":28}},"10":{"start":{"line":24,"column":24},"end":{"line":24,"column":40}},"11":{"start":{"line":25,"column":8},"end":{"line":25,"column":38}},"12":{"start":{"line":28,"column":8},"end":{"line":28,"column":97}}},"fnMap":{"0":{"name":"(anonymous_0)","decl":{"start":{"line":7,"column":26},"end":{"line":7,"column":27}},"loc":{"start":{"line":7,"column":46},"end":{"line":17,"column":1}},"line":7},"1":{"name":"(anonymous_1)","decl":{"start":{"line":20,"column":24},"end":{"line":20,"column":25}},"loc":{"start":{"line":20,"column":44},"end":{"line":30,"column":1}},"line":20}},"branchMap":{},"s":{"0":4,"1":4,"2":2,"3":2,"4":2,"5":1,"6":1,"7":4,"8":2,"9":2,"10":2,"11":1,"12":1},"f":{"0":2,"1":2},"b":{},"_coverageSchema":"1a1c01bbd47fc00a2c39e90264f33305004495a9","hash":"f753e293f6694fdf6ef463e7cc45e0a285a8da32"}
,"C:\\Users\\mathe\\dev\\projects\\PI6_StudioEvelyn\\backend\\src\\repository\\agendamento.js": {"path":"C:\\Users\\mathe\\dev\\projects\\PI6_StudioEvelyn\\backend\\src\\repository\\agendamento.js","statementMap":{"0":{"start":{"line":6,"column":4},"end":{"line":25,"column":5}},"1":{"start":{"line":8,"column":24},"end":{"line":10,"column":27}},"2":{"start":{"line":12,"column":24},"end":{"line":12,"column":154}},"3":{"start":{"line":13,"column":21},"end":{"line":13,"column":54}},"4":{"start":{"line":16,"column":8},"end":{"line":21,"column":9}},"5":{"start":{"line":17,"column":8},"end":{"line":17,"column":97}},"6":{"start":{"line":20,"column":12},"end":{"line":20,"column":88}},"7":{"start":{"line":24,"column":8},"end":{"line":24,"column":76}},"8":{"start":{"line":30,"column":2},"end":{"line":39,"column":3}},"9":{"start":{"line":31,"column":18},"end":{"line":31,"column":71}},"10":{"start":{"line":33,"column":17},"end":{"line":33,"column":46}},"11":{"start":{"line":35,"column":4},"end":{"line":35,"column":86}},"12":{"start":{"line":38,"column":4},"end":{"line":38,"column":72}}},"fnMap":{"0":{"name":"criarAgendamento","decl":{"start":{"line":5,"column":22},"end":{"line":5,"column":38}},"loc":{"start":{"line":5,"column":52},"end":{"line":26,"column":1}},"line":5},"1":{"name":"exibirAgendamentoCliente","decl":{"start":{"line":29,"column":22},"end":{"line":29,"column":46}},"loc":{"start":{"line":29,"column":52},"end":{"line":40,"column":1}},"line":29}},"branchMap":{"0":{"loc":{"start":{"line":16,"column":8},"end":{"line":21,"column":9}},"type":"if","locations":[{"start":{"line":16,"column":8},"end":{"line":21,"column":9}},{"start":{"line":19,"column":15},"end":{"line":21,"column":9}}],"line":16}},"s":{"0":5,"1":5,"2":5,"3":5,"4":4,"5":1,"6":3,"7":1,"8":3,"9":3,"10":3,"11":2,"12":1},"f":{"0":5,"1":3},"b":{"0":[1,3]},"_coverageSchema":"1a1c01bbd47fc00a2c39e90264f33305004495a9","hash":"1290e3d23cdec426da8d21a1911b7e336f0c1759"}
,"C:\\Users\\mathe\\dev\\projects\\PI6_StudioEvelyn\\backend\\src\\repository\\login.js": {"path":"C:\\Users\\mathe\\dev\\projects\\PI6_StudioEvelyn\\backend\\src\\repository\\login.js","statementMap":{"0":{"start":{"line":5,"column":4},"end":{"line":21,"column":5}},"1":{"start":{"line":6,"column":24},"end":{"line":8,"column":47}},"2":{"start":{"line":10,"column":24},"end":{"line":10,"column":81}},"3":{"start":{"line":11,"column":21},"end":{"line":11,"column":54}},"4":{"start":{"line":13,"column":21},"end":{"line":13,"column":54}},"5":{"start":{"line":14,"column":8},"end":{"line":16,"column":9}},"6":{"start":{"line":15,"column":12},"end":{"line":15,"column":94}},"7":{"start":{"line":17,"column":8},"end":{"line":17,"column":73}},"8":{"start":{"line":20,"column":8},"end":{"line":20,"column":73}},"9":{"start":{"line":26,"column":2},"end":{"line":45,"column":3}},"10":{"start":{"line":27,"column":20},"end":{"line":27,"column":74}},"11":{"start":{"line":28,"column":20},"end":{"line":28,"column":46}},"12":{"start":{"line":31,"column":19},"end":{"line":31,"column":52}},"13":{"start":{"line":34,"column":4},"end":{"line":41,"column":5}},"14":{"start":{"line":36,"column":22},"end":{"line":36,"column":29}},"15":{"start":{"line":37,"column":6},"end":{"line":37,"column":87}},"16":{"start":{"line":40,"column":6},"end":{"line":40,"column":70}},"17":{"start":{"line":44,"column":4},"end":{"line":44,"column":66}}},"fnMap":{"0":{"name":"criarCliente","decl":{"start":{"line":4,"column":22},"end":{"line":4,"column":34}},"loc":{"start":{"line":4,"column":44},"end":{"line":22,"column":1}},"line":4},"1":{"name":"login","decl":{"start":{"line":25,"column":22},"end":{"line":25,"column":27}},"loc":{"start":{"line":25,"column":35},"end":{"line":46,"column":1}},"line":25}},"branchMap":{"0":{"loc":{"start":{"line":14,"column":8},"end":{"line":16,"column":9}},"type":"if","locations":[{"start":{"line":14,"column":8},"end":{"line":16,"column":9}},{"start":{},"end":{}}],"line":14},"1":{"loc":{"start":{"line":34,"column":4},"end":{"line":41,"column":5}},"type":"if","locations":[{"start":{"line":34,"column":4},"end":{"line":41,"column":5}},{"start":{"line":38,"column":11},"end":{"line":41,"column":5}}],"line":34}},"s":{"0":3,"1":3,"2":3,"3":3,"4":2,"5":2,"6":1,"7":1,"8":1,"9":3,"10":3,"11":3,"12":3,"13":2,"14":1,"15":1,"16":1,"17":1},"f":{"0":3,"1":3},"b":{"0":[1,1],"1":[1,1]},"_coverageSchema":"1a1c01bbd47fc00a2c39e90264f33305004495a9","hash":"09317c1a9074f37e5b01e2bc74c4b18a7bfca6fc"}
}
