TN:
SF:src\controller\agendamentosController.js
FN:7,(anonymous_0)
FN:24,(anonymous_1)
FNF:2
FNH:2
FNDA:2,(anonymous_0)
FNDA:2,(anonymous_1)
DA:4,4
DA:7,4
DA:8,2
DA:10,2
DA:11,2
DA:12,2
DA:13,1
DA:17,1
DA:24,4
DA:25,2
DA:27,2
DA:28,2
DA:29,2
DA:30,1
DA:35,1
LF:15
LH:15
BRF:0
BRH:0
end_of_record
TN:
SF:src\controller\loginController.js
FN:7,(anonymous_0)
FN:20,(anonymous_1)
FNF:2
FNH:2
FNDA:2,(anonymous_0)
FNDA:2,(anonymous_1)
DA:4,4
DA:7,4
DA:8,2
DA:10,2
DA:11,2
DA:12,1
DA:15,1
DA:20,4
DA:21,2
DA:23,2
DA:24,2
DA:25,1
DA:28,1
LF:13
LH:13
BRF:0
BRH:0
end_of_record
TN:
SF:src\repository\agendamento.js
FN:5,criarAgendamento
FN:29,exibirAgendamentoCliente
FNF:2
FNH:2
FNDA:5,criarAgendamento
FNDA:3,exibirAgendamentoCliente
DA:6,5
DA:8,5
DA:12,5
DA:13,5
DA:16,4
DA:17,1
DA:20,3
DA:24,1
DA:30,3
DA:31,3
DA:33,3
DA:35,2
DA:38,1
LF:13
LH:13
BRDA:16,0,0,1
BRDA:16,0,1,3
BRF:2
BRH:2
end_of_record
TN:
SF:src\repository\login.js
FN:4,criarCliente
FN:25,login
FNF:2
FNH:2
FNDA:3,criarCliente
FNDA:3,login
DA:5,3
DA:6,3
DA:10,3
DA:11,3
DA:13,2
DA:14,2
DA:15,1
DA:17,1
DA:20,1
DA:26,3
DA:27,3
DA:28,3
DA:31,3
DA:34,2
DA:36,1
DA:37,1
DA:40,1
DA:44,1
LF:18
LH:18
BRDA:14,0,0,1
BRDA:14,0,1,1
BRDA:34,1,0,1
BRDA:34,1,1,1
BRF:4
BRH:4
end_of_record
