{"C:\\Users\\mathe\\dev\\projects\\PI6_StudioEvelyn\\backend\\src\\app.js": {"path":"C:\\Users\\mathe\\dev\\projects\\PI6_StudioEvelyn\\backend\\src\\app.js","statementMap":{"0":{"start":{"line":9,"column":17},"end":{"line":9,"column":26}},"1":{"start":{"line":12,"column":0},"end":{"line":12,"column":21}},"2":{"start":{"line":13,"column":0},"end":{"line":13,"column":29}},"3":{"start":{"line":16,"column":0},"end":{"line":16,"column":36}},"4":{"start":{"line":17,"column":0},"end":{"line":17,"column":30}},"5":{"start":{"line":20,"column":0},"end":{"line":23,"column":3}},"6":{"start":{"line":21,"column":2},"end":{"line":21,"column":27}},"7":{"start":{"line":22,"column":2},"end":{"line":22,"column":51}}},"fnMap":{"0":{"name":"(anonymous_0)","decl":{"start":{"line":20,"column":13},"end":{"line":20,"column":14}},"loc":{"start":{"line":20,"column":38},"end":{"line":23,"column":1}},"line":20}},"branchMap":{},"s":{"0":3,"1":3,"2":3,"3":3,"4":3,"5":3,"6":0,"7":0},"f":{"0":0},"b":{},"_coverageSchema":"1a1c01bbd47fc00a2c39e90264f33305004495a9","hash":"e0da065d2ef0d5dcbb8373d4f9091c11f8db972d"}
,"C:\\Users\\mathe\\dev\\projects\\PI6_StudioEvelyn\\backend\\src\\connection.js": {"path":"C:\\Users\\mathe\\dev\\projects\\PI6_StudioEvelyn\\backend\\src\\connection.js","statementMap":{"0":{"start":{"line":8,"column":2},"end":{"line":19,"column":3}},"1":{"start":{"line":9,"column":4},"end":{"line":14,"column":7}},"2":{"start":{"line":15,"column":4},"end":{"line":15,"column":44}},"3":{"start":{"line":17,"column":4},"end":{"line":17,"column":55}},"4":{"start":{"line":18,"column":4},"end":{"line":18,"column":20}}},"fnMap":{"0":{"name":"connectDb","decl":{"start":{"line":7,"column":22},"end":{"line":7,"column":31}},"loc":{"start":{"line":7,"column":34},"end":{"line":20,"column":1}},"line":7}},"branchMap":{},"s":{"0":0,"1":0,"2":0,"3":0,"4":0},"f":{"0":0},"b":{},"_coverageSchema":"1a1c01bbd47fc00a2c39e90264f33305004495a9","hash":"ee290e3f42d6a73db22b7373ea870aae678753ef"}
,"C:\\Users\\mathe\\dev\\projects\\PI6_StudioEvelyn\\backend\\src\\controller\\agendamentosController.js": {"path":"C:\\Users\\mathe\\dev\\projects\\PI6_StudioEvelyn\\backend\\src\\controller\\agendamentosController.js","statementMap":{"0":{"start":{"line":4,"column":17},"end":{"line":4,"column":25}},"1":{"start":{"line":7,"column":0},"end":{"line":16,"column":3}},"2":{"start":{"line":8,"column":4},"end":{"line":15,"column":5}},"3":{"start":{"line":9,"column":29},"end":{"line":9,"column":55}},"4":{"start":{"line":10,"column":8},"end":{"line":10,"column":43}},"5":{"start":{"line":14,"column":8},"end":{"line":14,"column":55}},"6":{"start":{"line":19,"column":0},"end":{"line":33,"column":3}},"7":{"start":{"line":20,"column":4},"end":{"line":31,"column":5}},"8":{"start":{"line":22,"column":28},"end":{"line":22,"column":36}},"9":{"start":{"line":23,"column":8},"end":{"line":23,"column":33}},"10":{"start":{"line":24,"column":32},"end":{"line":24,"column":67}},"11":{"start":{"line":25,"column":8},"end":{"line":25,"column":46}},"12":{"start":{"line":29,"column":8},"end":{"line":29,"column":55}},"13":{"start":{"line":36,"column":0},"end":{"line":50,"column":3}},"14":{"start":{"line":37,"column":4},"end":{"line":49,"column":5}},"15":{"start":{"line":39,"column":20},"end":{"line":39,"column":34}},"16":{"start":{"line":40,"column":8},"end":{"line":40,"column":25}},"17":{"start":{"line":41,"column":29},"end":{"line":41,"column":64}},"18":{"start":{"line":42,"column":8},"end":{"line":42,"column":43}},"19":{"start":{"line":47,"column":8},"end":{"line":47,"column":55}}},"fnMap":{"0":{"name":"(anonymous_0)","decl":{"start":{"line":7,"column":30},"end":{"line":7,"column":31}},"loc":{"start":{"line":7,"column":50},"end":{"line":16,"column":1}},"line":7},"1":{"name":"(anonymous_1)","decl":{"start":{"line":19,"column":31},"end":{"line":19,"column":32}},"loc":{"start":{"line":19,"column":51},"end":{"line":33,"column":1}},"line":19},"2":{"name":"(anonymous_2)","decl":{"start":{"line":36,"column":43},"end":{"line":36,"column":44}},"loc":{"start":{"line":36,"column":63},"end":{"line":50,"column":1}},"line":36}},"branchMap":{},"s":{"0":3,"1":3,"2":0,"3":0,"4":0,"5":0,"6":3,"7":1,"8":1,"9":1,"10":1,"11":1,"12":0,"13":3,"14":1,"15":1,"16":1,"17":1,"18":1,"19":0},"f":{"0":0,"1":1,"2":1},"b":{},"_coverageSchema":"1a1c01bbd47fc00a2c39e90264f33305004495a9","hash":"d7bb02290033588836fd478a7b99e752365b3e17"}
,"C:\\Users\\mathe\\dev\\projects\\PI6_StudioEvelyn\\backend\\src\\controller\\loginController.js": {"path":"C:\\Users\\mathe\\dev\\projects\\PI6_StudioEvelyn\\backend\\src\\controller\\loginController.js","statementMap":{"0":{"start":{"line":4,"column":17},"end":{"line":4,"column":25}},"1":{"start":{"line":7,"column":0},"end":{"line":17,"column":3}},"2":{"start":{"line":8,"column":4},"end":{"line":16,"column":5}},"3":{"start":{"line":10,"column":24},"end":{"line":10,"column":32}},"4":{"start":{"line":11,"column":28},"end":{"line":11,"column":55}},"5":{"start":{"line":12,"column":8},"end":{"line":12,"column":42}},"6":{"start":{"line":15,"column":8},"end":{"line":15,"column":55}},"7":{"start":{"line":20,"column":0},"end":{"line":30,"column":3}},"8":{"start":{"line":21,"column":4},"end":{"line":29,"column":5}},"9":{"start":{"line":23,"column":20},"end":{"line":23,"column":28}},"10":{"start":{"line":24,"column":24},"end":{"line":24,"column":40}},"11":{"start":{"line":25,"column":8},"end":{"line":25,"column":38}},"12":{"start":{"line":28,"column":8},"end":{"line":28,"column":56}}},"fnMap":{"0":{"name":"(anonymous_0)","decl":{"start":{"line":7,"column":26},"end":{"line":7,"column":27}},"loc":{"start":{"line":7,"column":46},"end":{"line":17,"column":1}},"line":7},"1":{"name":"(anonymous_1)","decl":{"start":{"line":20,"column":24},"end":{"line":20,"column":25}},"loc":{"start":{"line":20,"column":44},"end":{"line":30,"column":1}},"line":20}},"branchMap":{},"s":{"0":3,"1":3,"2":0,"3":0,"4":0,"5":0,"6":0,"7":3,"8":1,"9":1,"10":1,"11":1,"12":0},"f":{"0":0,"1":1},"b":{},"_coverageSchema":"1a1c01bbd47fc00a2c39e90264f33305004495a9","hash":"e1f72ddba13965d79a2e8d006d0a7ec31a8efe45"}
,"C:\\Users\\mathe\\dev\\projects\\PI6_StudioEvelyn\\backend\\src\\repository\\agendamento.js": {"path":"C:\\Users\\mathe\\dev\\projects\\PI6_StudioEvelyn\\backend\\src\\repository\\agendamento.js","statementMap":{"0":{"start":{"line":5,"column":4},"end":{"line":18,"column":5}},"1":{"start":{"line":6,"column":22},"end":{"line":6,"column":61}},"2":{"start":{"line":7,"column":19},"end":{"line":7,"column":47}},"3":{"start":{"line":8,"column":21},"end":{"line":8,"column":32}},"4":{"start":{"line":10,"column":8},"end":{"line":12,"column":9}},"5":{"start":{"line":11,"column":12},"end":{"line":11,"column":92}},"6":{"start":{"line":14,"column":8},"end":{"line":14,"column":96}},"7":{"start":{"line":17,"column":8},"end":{"line":17,"column":86}},"8":{"start":{"line":23,"column":4},"end":{"line":42,"column":5}},"9":{"start":{"line":25,"column":24},"end":{"line":27,"column":27}},"10":{"start":{"line":29,"column":24},"end":{"line":29,"column":154}},"11":{"start":{"line":30,"column":21},"end":{"line":30,"column":54}},"12":{"start":{"line":33,"column":8},"end":{"line":38,"column":9}},"13":{"start":{"line":34,"column":8},"end":{"line":34,"column":97}},"14":{"start":{"line":37,"column":12},"end":{"line":37,"column":88}},"15":{"start":{"line":41,"column":8},"end":{"line":41,"column":84}},"16":{"start":{"line":47,"column":2},"end":{"line":56,"column":3}},"17":{"start":{"line":48,"column":18},"end":{"line":48,"column":71}},"18":{"start":{"line":50,"column":17},"end":{"line":50,"column":46}},"19":{"start":{"line":52,"column":4},"end":{"line":52,"column":86}},"20":{"start":{"line":55,"column":4},"end":{"line":55,"column":81}}},"fnMap":{"0":{"name":"exibirAgendamentos","decl":{"start":{"line":4,"column":22},"end":{"line":4,"column":40}},"loc":{"start":{"line":4,"column":43},"end":{"line":19,"column":1}},"line":4},"1":{"name":"criarAgendamento","decl":{"start":{"line":22,"column":22},"end":{"line":22,"column":38}},"loc":{"start":{"line":22,"column":52},"end":{"line":43,"column":1}},"line":22},"2":{"name":"exibirAgendamentoCliente","decl":{"start":{"line":46,"column":22},"end":{"line":46,"column":46}},"loc":{"start":{"line":46,"column":52},"end":{"line":57,"column":1}},"line":46}},"branchMap":{"0":{"loc":{"start":{"line":10,"column":8},"end":{"line":12,"column":9}},"type":"if","locations":[{"start":{"line":10,"column":8},"end":{"line":12,"column":9}},{"start":{},"end":{}}],"line":10},"1":{"loc":{"start":{"line":33,"column":8},"end":{"line":38,"column":9}},"type":"if","locations":[{"start":{"line":33,"column":8},"end":{"line":38,"column":9}},{"start":{"line":36,"column":15},"end":{"line":38,"column":9}}],"line":33}},"s":{"0":0,"1":0,"2":0,"3":0,"4":0,"5":0,"6":0,"7":0,"8":3,"9":3,"10":3,"11":3,"12":3,"13":3,"14":0,"15":0,"16":2,"17":2,"18":2,"19":2,"20":0},"f":{"0":0,"1":3,"2":2},"b":{"0":[0,0],"1":[3,0]},"_coverageSchema":"1a1c01bbd47fc00a2c39e90264f33305004495a9","hash":"6afe8b99eafaf9f7256694874e790a5b4dddb9b8"}
,"C:\\Users\\mathe\\dev\\projects\\PI6_StudioEvelyn\\backend\\src\\repository\\login.js": {"path":"C:\\Users\\mathe\\dev\\projects\\PI6_StudioEvelyn\\backend\\src\\repository\\login.js","statementMap":{"0":{"start":{"line":5,"column":4},"end":{"line":21,"column":5}},"1":{"start":{"line":6,"column":24},"end":{"line":8,"column":47}},"2":{"start":{"line":10,"column":24},"end":{"line":10,"column":81}},"3":{"start":{"line":11,"column":21},"end":{"line":11,"column":54}},"4":{"start":{"line":13,"column":21},"end":{"line":13,"column":54}},"5":{"start":{"line":14,"column":8},"end":{"line":16,"column":9}},"6":{"start":{"line":15,"column":12},"end":{"line":15,"column":94}},"7":{"start":{"line":17,"column":8},"end":{"line":17,"column":73}},"8":{"start":{"line":20,"column":8},"end":{"line":20,"column":73}},"9":{"start":{"line":26,"column":2},"end":{"line":45,"column":3}},"10":{"start":{"line":27,"column":20},"end":{"line":27,"column":74}},"11":{"start":{"line":28,"column":20},"end":{"line":28,"column":46}},"12":{"start":{"line":31,"column":19},"end":{"line":31,"column":52}},"13":{"start":{"line":34,"column":4},"end":{"line":41,"column":5}},"14":{"start":{"line":36,"column":22},"end":{"line":36,"column":29}},"15":{"start":{"line":37,"column":6},"end":{"line":37,"column":87}},"16":{"start":{"line":40,"column":6},"end":{"line":40,"column":70}},"17":{"start":{"line":44,"column":4},"end":{"line":44,"column":66}}},"fnMap":{"0":{"name":"criarCliente","decl":{"start":{"line":4,"column":22},"end":{"line":4,"column":34}},"loc":{"start":{"line":4,"column":44},"end":{"line":22,"column":1}},"line":4},"1":{"name":"login","decl":{"start":{"line":25,"column":22},"end":{"line":25,"column":27}},"loc":{"start":{"line":25,"column":35},"end":{"line":46,"column":1}},"line":25}},"branchMap":{"0":{"loc":{"start":{"line":14,"column":8},"end":{"line":16,"column":9}},"type":"if","locations":[{"start":{"line":14,"column":8},"end":{"line":16,"column":9}},{"start":{},"end":{}}],"line":14},"1":{"loc":{"start":{"line":34,"column":4},"end":{"line":41,"column":5}},"type":"if","locations":[{"start":{"line":34,"column":4},"end":{"line":41,"column":5}},{"start":{"line":38,"column":11},"end":{"line":41,"column":5}}],"line":34}},"s":{"0":0,"1":0,"2":0,"3":0,"4":0,"5":0,"6":0,"7":0,"8":0,"9":1,"10":1,"11":1,"12":1,"13":1,"14":1,"15":1,"16":0,"17":0},"f":{"0":0,"1":1},"b":{"0":[0,0],"1":[1,0]},"_coverageSchema":"1a1c01bbd47fc00a2c39e90264f33305004495a9","hash":"09317c1a9074f37e5b01e2bc74c4b18a7bfca6fc"}
}
