TN:
SF:src\app.js
FN:20,(anonymous_0)
FNF:1
FNH:0
FNDA:0,(anonymous_0)
DA:9,3
DA:12,3
DA:13,3
DA:16,3
DA:17,3
DA:20,3
DA:21,0
DA:22,0
LF:8
LH:6
BRF:0
BRH:0
end_of_record
TN:
SF:src\connection.js
FN:7,connectDb
FNF:1
FNH:0
FNDA:0,connectDb
DA:8,0
DA:9,0
DA:15,0
DA:17,0
DA:18,0
LF:5
LH:0
BRF:0
BRH:0
end_of_record
TN:
SF:src\controller\agendamentosController.js
FN:7,(anonymous_0)
FN:19,(anonymous_1)
FN:36,(anonymous_2)
FNF:3
FNH:2
FNDA:0,(anonymous_0)
FNDA:1,(anonymous_1)
FNDA:1,(anonymous_2)
DA:4,3
DA:7,3
DA:8,0
DA:9,0
DA:10,0
DA:14,0
DA:19,3
DA:20,1
DA:22,1
DA:23,1
DA:24,1
DA:25,1
DA:29,0
DA:36,3
DA:37,1
DA:39,1
DA:40,1
DA:41,1
DA:42,1
DA:47,0
LF:20
LH:14
BRF:0
BRH:0
end_of_record
TN:
SF:src\controller\loginController.js
FN:7,(anonymous_0)
FN:20,(anonymous_1)
FNF:2
FNH:1
FNDA:0,(anonymous_0)
FNDA:1,(anonymous_1)
DA:4,3
DA:7,3
DA:8,0
DA:10,0
DA:11,0
DA:12,0
DA:15,0
DA:20,3
DA:21,1
DA:23,1
DA:24,1
DA:25,1
DA:28,0
LF:13
LH:7
BRF:0
BRH:0
end_of_record
TN:
SF:src\repository\agendamento.js
FN:4,exibirAgendamentos
FN:22,criarAgendamento
FN:46,exibirAgendamentoCliente
FNF:3
FNH:2
FNDA:0,exibirAgendamentos
FNDA:3,criarAgendamento
FNDA:2,exibirAgendamentoCliente
DA:5,0
DA:6,0
DA:7,0
DA:8,0
DA:10,0
DA:11,0
DA:14,0
DA:17,0
DA:23,3
DA:25,3
DA:29,3
DA:30,3
DA:33,3
DA:34,3
DA:37,0
DA:41,0
DA:47,2
DA:48,2
DA:50,2
DA:52,2
DA:55,0
LF:21
LH:10
BRDA:10,0,0,0
BRDA:10,0,1,0
BRDA:33,1,0,3
BRDA:33,1,1,0
BRF:4
BRH:1
end_of_record
TN:
SF:src\repository\login.js
FN:4,criarCliente
FN:25,login
FNF:2
FNH:1
FNDA:0,criarCliente
FNDA:1,login
DA:5,0
DA:6,0
DA:10,0
DA:11,0
DA:13,0
DA:14,0
DA:15,0
DA:17,0
DA:20,0
DA:26,1
DA:27,1
DA:28,1
DA:31,1
DA:34,1
DA:36,1
DA:37,1
DA:40,0
DA:44,0
LF:18
LH:7
BRDA:14,0,0,0
BRDA:14,0,1,0
BRDA:34,1,0,1
BRDA:34,1,1,0
BRF:4
BRH:1
end_of_record
